<?xml version="1.0" encoding="UTF-8"?>
<!-- Generated by org.testng.reporters.JUnitReportReporter -->
<testsuite skipped="0" hostname="sauravsinghsikar.local" name="automationTests.AssignmentTests" tests="1" failures="0" timestamp="2020-08-07T19:31:15 IST" time="9.719" errors="0">
  <testcase name="weatherDataComparison" time="9.719" classname="automationTests.AssignmentTests"/>
  <system-out/>
</testsuite> <!-- automationTests.AssignmentTests -->
